<?xml version="1.0" encoding="UTF-8" ?>
<testsuite tests="1" failures="0" name="testrunner.TestRunner" time="0.381" errors="0" skipped="1">
  <properties>
[...]
</properties>
  <testcase classname="testrunner.TestRunner" name="runScenario" time="0.381">
    <skipped/>
    <system-out>Configuring TestNG with: org.apache.maven.surefire.testng.conf.TestNG652Configurator@6504e3b2
</system-out>
    <system-err>Apr 27, 2022 11:19:05 AM cucumber.runtime.filter.TagExpressionOld isOldTagExpression
WARNING: Found tags option &apos;~@Regression&apos;. Support for &apos;~@tag&apos; will be removed from the next release of Cucumber-JVM. Please use &apos;not @tag&apos; instead.
</system-err>
  </testcase>
</testsuite>