<?xml version="1.0" encoding="UTF-8"?>
<testng-results skipped="0" failed="0" ignored="0" total="1" passed="1">
  <reporter-output>
  </reporter-output>
  <suite name="Default suite" duration-ms="32950" started-at="2022-04-28T20:55:08 IST" finished-at="2022-04-28T20:55:41 IST">
    <groups>
      <group name="cucumber">
        <method signature="AbstractTestNGCucumberTests.runScenario(cucumber.api.testng.PickleEventWrapper,cucumber.api.testng.CucumberFeatureWrapper)[pri:0, instance:testrunner.TestRunner@687080dc]" name="runScenario" class="cucumber.api.testng.AbstractTestNGCucumberTests"/>
      </group> <!-- cucumber -->
    </groups>
    <test name="Default test" duration-ms="32950" started-at="2022-04-28T20:55:08 IST" finished-at="2022-04-28T20:55:41 IST">
      <class name="testrunner.TestRunner">
        <test-method status="PASS" signature="setUpClass()[pri:0, instance:testrunner.TestRunner@687080dc]" name="setUpClass" is-config="true" duration-ms="265" started-at="2022-04-28T20:55:08 IST" finished-at="2022-04-28T20:55:08 IST">
          <reporter-output>
          </reporter-output>
        </test-method> <!-- setUpClass -->
        <test-method status="PASS" signature="runScenario(cucumber.api.testng.PickleEventWrapper,cucumber.api.testng.CucumberFeatureWrapper)[pri:0, instance:testrunner.TestRunner@687080dc]" name="runScenario" duration-ms="31265" started-at="2022-04-28T20:55:08 IST" description="Runs Cucumber Scenarios" data-provider="scenarios" finished-at="2022-04-28T20:55:39 IST">
          <params>
            <param index="0">
              <value>
                <![CDATA["Verify that user is able to create new coupon and delete once it got created."]]>
              </value>
            </param>
            <param index="1">
              <value>
                <![CDATA["Signin feature"]]>
              </value>
            </param>
          </params>
          <reporter-output>
          </reporter-output>
        </test-method> <!-- runScenario -->
        <test-method status="PASS" signature="tearDownClass()[pri:0, instance:testrunner.TestRunner@687080dc]" name="tearDownClass" is-config="true" duration-ms="1248" started-at="2022-04-28T20:55:40 IST" finished-at="2022-04-28T20:55:41 IST">
          <reporter-output>
          </reporter-output>
        </test-method> <!-- tearDownClass -->
      </class> <!-- testrunner.TestRunner -->
    </test> <!-- Default test -->
  </suite> <!-- Default suite -->
</testng-results>
